
Profiling started at Fri Mar 17 13:52:15 2017
Profiling stopped at Fri Mar 17 13:52:16 2017

-- OProfile/operf Statistics --
Nr. non-backtrace samples: 90
Nr. kernel samples: 3
Nr. user space samples: 87
Nr. samples lost due to sample address not in expected range for domain: 0
Nr. lost kernel samples: 0
Nr. samples lost due to sample file open failure: 0
Nr. samples lost due to no permanent mapping: 0
Nr. user context kernel samples lost due to no app info available: 0
Nr. user samples lost due to no app info available: 0
Nr. backtraces skipped due to no file mapping: 0
Nr. hypervisor samples dropped due to address out-of-range: 0
Nr. samples lost reported by perf_events kernel: 0

Profiling started at Fri Mar 17 14:01:13 2017
Profiling stopped at Fri Mar 17 14:01:14 2017

-- OProfile/operf Statistics --
Nr. non-backtrace samples: 82
Nr. kernel samples: 1
Nr. user space samples: 81
Nr. samples lost due to sample address not in expected range for domain: 0
Nr. lost kernel samples: 0
Nr. samples lost due to sample file open failure: 0
Nr. samples lost due to no permanent mapping: 0
Nr. user context kernel samples lost due to no app info available: 0
Nr. user samples lost due to no app info available: 0
Nr. backtraces skipped due to no file mapping: 0
Nr. hypervisor samples dropped due to address out-of-range: 0
Nr. samples lost reported by perf_events kernel: 0
